Content-Type: text/plain; charset="utf-8"
MIME-Version: 1.0
Content-Transfer-Encoding: 8bit
Subject: Password reset on 127.0.0.1:8000
From: webmaster@localhost
To: andysemariel@gmail.com
Date: Tue, 14 May 2024 20:27:18 -0000
Message-ID: 
 <171571843812.49772.8011491330317104308@beugreandysemariel-IdeaPad-3-15IGL05>


You're receiving this email because you requested a password reset for your user account at 127.0.0.1:8000.

Please go to the following page and choose a new password:

http://127.0.0.1:8000/reset/Mg/c71a5i-15889451eefc27168a76a6679444836e/

Your username, in case you’ve forgotten: andy13

Thanks for using our site!

The 127.0.0.1:8000 team



-------------------------------------------------------------------------------
Content-Type: text/plain; charset="utf-8"
MIME-Version: 1.0
Content-Transfer-Encoding: 8bit
Subject: Password reset on 127.0.0.1:8000
From: webmaster@localhost
To: andysemariel@gmail.com
Date: Tue, 14 May 2024 20:27:18 -0000
Message-ID: 
 <171571843812.49772.13812547452332198818@beugreandysemariel-IdeaPad-3-15IGL05>


You're receiving this email because you requested a password reset for your user account at 127.0.0.1:8000.

Please go to the following page and choose a new password:

http://127.0.0.1:8000/reset/Mw/c71a5i-b3d0c73f3f0c4ed3ac81b8812b41c5dd/

Your username, in case you’ve forgotten: andysemariel@gmail.com

Thanks for using our site!

The 127.0.0.1:8000 team



-------------------------------------------------------------------------------
